{"/home/xmo/code/git-repo-clone/src/exec.js": {"path":"/home/xmo/code/git-repo-clone/src/exec.js","statementMap":{"0":{"start":{"line":7,"column":2},"end":{"line":15,"column":5}},"1":{"start":{"line":8,"column":14},"end":{"line":11,"column":6}},"2":{"start":{"line":12,"column":4},"end":{"line":14,"column":7}},"3":{"start":{"line":13,"column":6},"end":{"line":13,"column":16}}},"fnMap":{"0":{"name":"(anonymous_0)","decl":{"start":{"line":6,"column":15},"end":{"line":6,"column":16}},"loc":{"start":{"line":6,"column":42},"end":{"line":16,"column":1}},"line":6},"1":{"name":"initCommand","decl":{"start":{"line":7,"column":29},"end":{"line":7,"column":40}},"loc":{"start":{"line":7,"column":50},"end":{"line":15,"column":3}},"line":7},"2":{"name":"(anonymous_2)","decl":{"start":{"line":12,"column":18},"end":{"line":12,"column":19}},"loc":{"start":{"line":12,"column":24},"end":{"line":14,"column":5}},"line":12}},"branchMap":{},"s":{"0":4,"1":4,"2":4,"3":4},"f":{"0":4,"1":4,"2":4},"b":{},"_coverageSchema":"1a1c01bbd47fc00a2c39e90264f33305004495a9","hash":"2bba2b732ca96523aae1f249010e9bbdf1939997"}
,"/home/xmo/code/git-repo-clone/src/index.js": {"path":"/home/xmo/code/git-repo-clone/src/index.js","statementMap":{"0":{"start":{"line":10,"column":2},"end":{"line":18,"column":3}},"1":{"start":{"line":11,"column":4},"end":{"line":11,"column":42}},"2":{"start":{"line":12,"column":9},"end":{"line":18,"column":3}},"3":{"start":{"line":13,"column":4},"end":{"line":13,"column":47}},"4":{"start":{"line":14,"column":9},"end":{"line":18,"column":3}},"5":{"start":{"line":15,"column":4},"end":{"line":15,"column":56}},"6":{"start":{"line":17,"column":4},"end":{"line":17,"column":61}}},"fnMap":{"0":{"name":"clone","decl":{"start":{"line":9,"column":15},"end":{"line":9,"column":20}},"loc":{"start":{"line":9,"column":43},"end":{"line":19,"column":1}},"line":9}},"branchMap":{"0":{"loc":{"start":{"line":10,"column":2},"end":{"line":18,"column":3}},"type":"if","locations":[{"start":{"line":10,"column":2},"end":{"line":18,"column":3}},{"start":{"line":10,"column":2},"end":{"line":18,"column":3}}],"line":10},"1":{"loc":{"start":{"line":10,"column":6},"end":{"line":10,"column":21}},"type":"binary-expr","locations":[{"start":{"line":10,"column":6},"end":{"line":10,"column":13}},{"start":{"line":10,"column":17},"end":{"line":10,"column":21}}],"line":10},"2":{"loc":{"start":{"line":12,"column":9},"end":{"line":18,"column":3}},"type":"if","locations":[{"start":{"line":12,"column":9},"end":{"line":18,"column":3}},{"start":{"line":12,"column":9},"end":{"line":18,"column":3}}],"line":12},"3":{"loc":{"start":{"line":14,"column":9},"end":{"line":18,"column":3}},"type":"if","locations":[{"start":{"line":14,"column":9},"end":{"line":18,"column":3}},{"start":{"line":14,"column":9},"end":{"line":18,"column":3}}],"line":14}},"s":{"0":4,"1":1,"2":3,"3":1,"4":2,"5":1,"6":1},"f":{"0":4},"b":{"0":[1,3],"1":[4,2],"2":[1,2],"3":[1,1]},"_coverageSchema":"1a1c01bbd47fc00a2c39e90264f33305004495a9","hash":"73d52fad4c8ba2442f0a99f71d8b838815ba8600"}
}
