TN:
SF:src/exec.ts
FN:3,(anonymous_7)
FN:3,(anonymous_8)
FN:4,initCommand
FN:9,(anonymous_10)
FNF:4
FNH:4
FNDA:4,(anonymous_7)
FNDA:4,(anonymous_8)
FNDA:4,initCommand
FNDA:4,(anonymous_10)
DA:1,1
DA:3,4
DA:4,4
DA:5,4
DA:9,4
DA:10,4
LF:6
LH:6
BRF:0
BRH:0
end_of_record
TN:
SF:src/index.ts
FN:3,clone
FNF:1
FNH:1
FNDA:4,clone
DA:1,1
DA:3,1
DA:4,4
DA:5,1
DA:6,3
DA:7,1
DA:8,2
DA:9,1
DA:11,1
DA:15,1
LF:10
LH:10
BRDA:4,0,0,1
BRDA:4,0,1,3
BRDA:4,1,0,4
BRDA:4,1,1,2
BRDA:6,2,0,1
BRDA:6,2,1,2
BRDA:8,3,0,1
BRDA:8,3,1,1
BRF:8
BRH:8
end_of_record
